0 info it worked if it ends with ok
1 verbose cli [ 'D:\\Node.js\\node.exe',
1 verbose cli   'D:\\Node.js\\node_modules\\npm\\bin\\npm-cli.js',
1 verbose cli   'publish' ]
2 info using npm@3.8.9
3 info using node@v6.2.0
4 verbose publish [ '.' ]
5 silly cache add args [ '.', null ]
6 verbose cache add spec .
7 silly cache add parsed spec Result {
7 silly cache add   raw: '.',
7 silly cache add   scope: null,
7 silly cache add   name: null,
7 silly cache add   rawSpec: '.',
7 silly cache add   spec: 'C:\\Users\\huain\\Desktop\\censorify',
7 silly cache add   type: 'directory' }
8 verbose addLocalDirectory C:\Users\huain\AppData\Roaming\npm-cache\censorify\0.0.1\package.tgz not in flight; packing
9 verbose correctMkdir C:\Users\huain\AppData\Roaming\npm-cache correctMkdir not in flight; initializing
10 info lifecycle censorify@0.0.1~prepublish: censorify@0.0.1
11 silly lifecycle censorify@0.0.1~prepublish: no script for prepublish, continuing
12 verbose tar pack [ 'C:\\Users\\huain\\AppData\\Roaming\\npm-cache\\censorify\\0.0.1\\package.tgz',
12 verbose tar pack   'C:\\Users\\huain\\Desktop\\censorify' ]
13 verbose tarball C:\Users\huain\AppData\Roaming\npm-cache\censorify\0.0.1\package.tgz
14 verbose folder C:\Users\huain\Desktop\censorify
15 verbose addLocalTarball adding from inside cache C:\Users\huain\AppData\Roaming\npm-cache\censorify\0.0.1\package.tgz
16 verbose correctMkdir C:\Users\huain\AppData\Roaming\npm-cache correctMkdir not in flight; initializing
17 silly cache afterAdd censorify@0.0.1
18 verbose afterAdd C:\Users\huain\AppData\Roaming\npm-cache\censorify\0.0.1\package\package.json not in flight; writing
19 verbose correctMkdir C:\Users\huain\AppData\Roaming\npm-cache correctMkdir not in flight; initializing
20 verbose afterAdd C:\Users\huain\AppData\Roaming\npm-cache\censorify\0.0.1\package\package.json written
21 silly publish { author: { name: 'Brian' },
21 silly publish   name: 'censorify',
21 silly publish   version: '0.0.1',
21 silly publish   description: 'Censors words out of text.',
21 silly publish   main: 'censortext',
21 silly publish   repository:
21 silly publish    { type: 'git',
21 silly publish      url: 'git+https://github.com/slightlovery/Node.git' },
21 silly publish   keywords: [ 'censor', 'words' ],
21 silly publish   dependencies: {},
21 silly publish   engines: { node: '*' },
21 silly publish   readme: 'ERROR: No README data found!',
21 silly publish   readmeFilename: 'README.md',
21 silly publish   gitHead: '8fc29ecf06794e26bc25721b11979612f53827ca',
21 silly publish   bugs: { url: 'https://github.com/slightlovery/Node/issues' },
21 silly publish   homepage: 'https://github.com/slightlovery/Node#readme',
21 silly publish   _id: 'censorify@0.0.1',
21 silly publish   scripts: {},
21 silly publish   _shasum: '64a834f0fd3df40a86dc87dc37b644141f42bdd6',
21 silly publish   _from: '.' }
22 verbose getPublishConfig undefined
23 silly mapToRegistry name censorify
24 silly mapToRegistry using default registry
25 silly mapToRegistry registry https://registry.npmjs.org/
26 silly mapToRegistry data Result {
26 silly mapToRegistry   raw: 'censorify',
26 silly mapToRegistry   scope: null,
26 silly mapToRegistry   name: 'censorify',
26 silly mapToRegistry   rawSpec: '',
26 silly mapToRegistry   spec: 'latest',
26 silly mapToRegistry   type: 'tag' }
27 silly mapToRegistry uri https://registry.npmjs.org/censorify
28 verbose publish registryBase https://registry.npmjs.org/
29 silly publish uploading C:\Users\huain\AppData\Roaming\npm-cache\censorify\0.0.1\package.tgz
30 verbose request uri https://registry.npmjs.org/censorify
31 verbose request sending authorization for write operation
32 info attempt registry request try #1 at 15:10:02
33 verbose request using bearer token for auth
34 verbose request id cec4cb18a8a661f9
35 http request PUT https://registry.npmjs.org/censorify
36 http 403 https://registry.npmjs.org/censorify
37 verbose headers { 'content-type': 'application/json',
37 verbose headers   'cache-control': 'max-age=300',
37 verbose headers   'content-length': '103',
37 verbose headers   'accept-ranges': 'bytes',
37 verbose headers   date: 'Tue, 07 Feb 2017 07:10:05 GMT',
37 verbose headers   via: '1.1 varnish',
37 verbose headers   connection: 'keep-alive',
37 verbose headers   'x-served-by': 'cache-nrt6127-NRT',
37 verbose headers   'x-cache': 'MISS',
37 verbose headers   'x-cache-hits': '0',
37 verbose headers   'x-timer': 'S1486451404.987065,VS0,VE514',
37 verbose headers   vary: 'Accept-Encoding' }
38 verbose request invalidating C:\Users\huain\AppData\Roaming\npm-cache\registry.npmjs.org\censorify on PUT
39 error publish Failed PUT 403
40 verbose stack Error: you do not have permission to publish "censorify". Are you logged in as the correct user? : censorify
40 verbose stack     at makeError (D:\Node.js\node_modules\npm\node_modules\npm-registry-client\lib\request.js:264:12)
40 verbose stack     at CachingRegistryClient.<anonymous> (D:\Node.js\node_modules\npm\node_modules\npm-registry-client\lib\request.js:252:14)
40 verbose stack     at Request._callback (D:\Node.js\node_modules\npm\node_modules\npm-registry-client\lib\request.js:172:14)
40 verbose stack     at Request.self.callback (D:\Node.js\node_modules\npm\node_modules\request\request.js:200:22)
40 verbose stack     at emitTwo (events.js:106:13)
40 verbose stack     at Request.emit (events.js:191:7)
40 verbose stack     at Request.<anonymous> (D:\Node.js\node_modules\npm\node_modules\request\request.js:1067:10)
40 verbose stack     at emitOne (events.js:101:20)
40 verbose stack     at Request.emit (events.js:188:7)
40 verbose stack     at IncomingMessage.<anonymous> (D:\Node.js\node_modules\npm\node_modules\request\request.js:988:12)
41 verbose statusCode 403
42 verbose pkgid censorify
43 verbose cwd C:\Users\huain\Desktop\censorify
44 error Windows_NT 10.0.14393
45 error argv "D:\\Node.js\\node.exe" "D:\\Node.js\\node_modules\\npm\\bin\\npm-cli.js" "publish"
46 error node v6.2.0
47 error npm  v3.8.9
48 error code E403
49 error you do not have permission to publish "censorify". Are you logged in as the correct user? : censorify
50 error If you need help, you may report this error at:
50 error     <https://github.com/npm/npm/issues>
51 verbose exit [ 1, true ]
